
The following have been reloaded with a version change:
  1) GCCcore/10.2.0 => GCCcore/8.3.0
  2) binutils/2.35-GCCcore-10.2.0 => binutils/2.32-GCCcore-8.3.0
  3) zlib/1.2.11-GCCcore-10.2.0 => zlib/1.2.11-GCCcore-8.3.0


The following have been reloaded with a version change:
  1) CUDA/10.2.89-GCC-8.3.0 => CUDA/10.1.243-GCC-8.3.0

Defaulting to user installation because normal site-packages is not writeable
Requirement already satisfied: tensorflow-gpu in ./.local/lib/python3.8/site-packages (2.2.0)
Requirement already satisfied: wrapt>=1.11.1 in ./.local/lib/python3.8/site-packages (from tensorflow-gpu) (1.12.1)
Requirement already satisfied: gast==0.3.3 in ./.local/lib/python3.8/site-packages (from tensorflow-gpu) (0.3.3)
Requirement already satisfied: keras-preprocessing>=1.1.0 in ./.local/lib/python3.8/site-packages (from tensorflow-gpu) (1.1.2)
Requirement already satisfied: h5py<2.11.0,>=2.10.0 in ./.local/lib/python3.8/site-packages (from tensorflow-gpu) (2.10.0)
Requirement already satisfied: numpy<2.0,>=1.16.0 in ./.local/lib/python3.8/site-packages (from tensorflow-gpu) (1.19.5)
Requirement already satisfied: opt-einsum>=2.3.2 in ./.local/lib/python3.8/site-packages (from tensorflow-gpu) (3.3.0)
Requirement already satisfied: absl-py>=0.7.0 in ./.local/lib/python3.8/site-packages (from tensorflow-gpu) (0.12.0)
Requirement already satisfied: six>=1.12.0 in /trinity/shared/easybuild/software/Python/3.8.6-GCCcore-10.2.0/lib/python3.8/site-packages (from tensorflow-gpu) (1.15.0)
Requirement already satisfied: grpcio>=1.8.6 in ./.local/lib/python3.8/site-packages (from tensorflow-gpu) (1.32.0)
Requirement already satisfied: wheel>=0.26; python_version >= "3" in /trinity/shared/easybuild/software/Python/3.8.6-GCCcore-10.2.0/lib/python3.8/site-packages (from tensorflow-gpu) (0.35.1)
Requirement already satisfied: scipy==1.4.1; python_version >= "3" in ./.local/lib/python3.8/site-packages (from tensorflow-gpu) (1.4.1)
Requirement already satisfied: tensorflow-estimator<2.3.0,>=2.2.0 in ./.local/lib/python3.8/site-packages (from tensorflow-gpu) (2.2.0)
Requirement already satisfied: google-pasta>=0.1.8 in ./.local/lib/python3.8/site-packages (from tensorflow-gpu) (0.2.0)
Requirement already satisfied: astunparse==1.6.3 in ./.local/lib/python3.8/site-packages (from tensorflow-gpu) (1.6.3)
Requirement already satisfied: termcolor>=1.1.0 in ./.local/lib/python3.8/site-packages (from tensorflow-gpu) (1.1.0)
Requirement already satisfied: tensorboard<2.3.0,>=2.2.0 in ./.local/lib/python3.8/site-packages (from tensorflow-gpu) (2.2.2)
Requirement already satisfied: protobuf>=3.8.0 in ./.local/lib/python3.8/site-packages (from tensorflow-gpu) (3.15.8)
Requirement already satisfied: markdown>=2.6.8 in ./.local/lib/python3.8/site-packages (from tensorboard<2.3.0,>=2.2.0->tensorflow-gpu) (3.3.4)
Requirement already satisfied: tensorboard-plugin-wit>=1.6.0 in ./.local/lib/python3.8/site-packages (from tensorboard<2.3.0,>=2.2.0->tensorflow-gpu) (1.8.0)
Requirement already satisfied: setuptools>=41.0.0 in /trinity/shared/easybuild/software/Python/3.8.6-GCCcore-10.2.0/lib/python3.8/site-packages (from tensorboard<2.3.0,>=2.2.0->tensorflow-gpu) (50.3.0)
Requirement already satisfied: google-auth-oauthlib<0.5,>=0.4.1 in ./.local/lib/python3.8/site-packages (from tensorboard<2.3.0,>=2.2.0->tensorflow-gpu) (0.4.4)
Requirement already satisfied: google-auth<2,>=1.6.3 in ./.local/lib/python3.8/site-packages (from tensorboard<2.3.0,>=2.2.0->tensorflow-gpu) (1.29.0)
Requirement already satisfied: requests<3,>=2.21.0 in /trinity/shared/easybuild/software/Python/3.8.6-GCCcore-10.2.0/lib/python3.8/site-packages (from tensorboard<2.3.0,>=2.2.0->tensorflow-gpu) (2.24.0)
Requirement already satisfied: werkzeug>=0.11.15 in ./.local/lib/python3.8/site-packages (from tensorboard<2.3.0,>=2.2.0->tensorflow-gpu) (1.0.1)
Requirement already satisfied: requests-oauthlib>=0.7.0 in ./.local/lib/python3.8/site-packages (from google-auth-oauthlib<0.5,>=0.4.1->tensorboard<2.3.0,>=2.2.0->tensorflow-gpu) (1.3.0)
Requirement already satisfied: cachetools<5.0,>=2.0.0 in ./.local/lib/python3.8/site-packages (from google-auth<2,>=1.6.3->tensorboard<2.3.0,>=2.2.0->tensorflow-gpu) (4.2.1)
Requirement already satisfied: pyasn1-modules>=0.2.1 in ./.local/lib/python3.8/site-packages (from google-auth<2,>=1.6.3->tensorboard<2.3.0,>=2.2.0->tensorflow-gpu) (0.2.8)
Requirement already satisfied: rsa<5,>=3.1.4; python_version >= "3.6" in ./.local/lib/python3.8/site-packages (from google-auth<2,>=1.6.3->tensorboard<2.3.0,>=2.2.0->tensorflow-gpu) (4.7.2)
Requirement already satisfied: idna<3,>=2.5 in /trinity/shared/easybuild/software/Python/3.8.6-GCCcore-10.2.0/lib/python3.8/site-packages (from requests<3,>=2.21.0->tensorboard<2.3.0,>=2.2.0->tensorflow-gpu) (2.10)
Requirement already satisfied: certifi>=2017.4.17 in /trinity/shared/easybuild/software/Python/3.8.6-GCCcore-10.2.0/lib/python3.8/site-packages (from requests<3,>=2.21.0->tensorboard<2.3.0,>=2.2.0->tensorflow-gpu) (2020.6.20)
Requirement already satisfied: chardet<4,>=3.0.2 in /trinity/shared/easybuild/software/Python/3.8.6-GCCcore-10.2.0/lib/python3.8/site-packages (from requests<3,>=2.21.0->tensorboard<2.3.0,>=2.2.0->tensorflow-gpu) (3.0.4)
Requirement already satisfied: urllib3!=1.25.0,!=1.25.1,<1.26,>=1.21.1 in /trinity/shared/easybuild/software/Python/3.8.6-GCCcore-10.2.0/lib/python3.8/site-packages (from requests<3,>=2.21.0->tensorboard<2.3.0,>=2.2.0->tensorflow-gpu) (1.25.10)
Requirement already satisfied: oauthlib>=3.0.0 in ./.local/lib/python3.8/site-packages (from requests-oauthlib>=0.7.0->google-auth-oauthlib<0.5,>=0.4.1->tensorboard<2.3.0,>=2.2.0->tensorflow-gpu) (3.1.0)
Requirement already satisfied: pyasn1<0.5.0,>=0.4.6 in /trinity/shared/easybuild/software/Python/3.8.6-GCCcore-10.2.0/lib/python3.8/site-packages (from pyasn1-modules>=0.2.1->google-auth<2,>=1.6.3->tensorboard<2.3.0,>=2.2.0->tensorflow-gpu) (0.4.8)
2021-05-12 12:36:03.304398: I tensorflow/stream_executor/platform/default/dso_loader.cc:44] Successfully opened dynamic library libcuda.so.1
2021-05-12 12:36:03.339377: I tensorflow/core/common_runtime/gpu/gpu_device.cc:1561] Found device 0 with properties: 
pciBusID: 0000:5e:00.0 name: GeForce GTX 1080 Ti computeCapability: 6.1
coreClock: 1.582GHz coreCount: 28 deviceMemorySize: 10.92GiB deviceMemoryBandwidth: 451.17GiB/s
2021-05-12 12:36:03.340159: I tensorflow/core/common_runtime/gpu/gpu_device.cc:1561] Found device 1 with properties: 
pciBusID: 0000:d8:00.0 name: GeForce GTX 1080 Ti computeCapability: 6.1
coreClock: 1.582GHz coreCount: 28 deviceMemorySize: 10.92GiB deviceMemoryBandwidth: 451.17GiB/s
2021-05-12 12:36:03.347452: I tensorflow/stream_executor/platform/default/dso_loader.cc:44] Successfully opened dynamic library libcudart.so.10.1
2021-05-12 12:36:03.710376: I tensorflow/stream_executor/platform/default/dso_loader.cc:44] Successfully opened dynamic library libcublas.so.10
2021-05-12 12:36:04.075174: I tensorflow/stream_executor/platform/default/dso_loader.cc:44] Successfully opened dynamic library libcufft.so.10
2021-05-12 12:36:04.669047: I tensorflow/stream_executor/platform/default/dso_loader.cc:44] Successfully opened dynamic library libcurand.so.10
2021-05-12 12:36:04.959608: I tensorflow/stream_executor/platform/default/dso_loader.cc:44] Successfully opened dynamic library libcusolver.so.10
2021-05-12 12:36:05.215340: I tensorflow/stream_executor/platform/default/dso_loader.cc:44] Successfully opened dynamic library libcusparse.so.10
2021-05-12 12:36:05.907129: I tensorflow/stream_executor/platform/default/dso_loader.cc:44] Successfully opened dynamic library libcudnn.so.7
2021-05-12 12:36:05.910213: I tensorflow/core/common_runtime/gpu/gpu_device.cc:1703] Adding visible gpu devices: 0, 1
2021-05-12 12:36:05.910629: I tensorflow/core/platform/cpu_feature_guard.cc:143] Your CPU supports instructions that this TensorFlow binary was not compiled to use: AVX2 AVX512F FMA
2021-05-12 12:36:05.917689: I tensorflow/core/platform/profile_utils/cpu_utils.cc:102] CPU Frequency: 2100000000 Hz
2021-05-12 12:36:05.917800: I tensorflow/compiler/xla/service/service.cc:168] XLA service 0xa059920 initialized for platform Host (this does not guarantee that XLA will be used). Devices:
2021-05-12 12:36:05.917815: I tensorflow/compiler/xla/service/service.cc:176]   StreamExecutor device (0): Host, Default Version
2021-05-12 12:36:06.159280: I tensorflow/compiler/xla/service/service.cc:168] XLA service 0xa05c4a0 initialized for platform CUDA (this does not guarantee that XLA will be used). Devices:
2021-05-12 12:36:06.159312: I tensorflow/compiler/xla/service/service.cc:176]   StreamExecutor device (0): GeForce GTX 1080 Ti, Compute Capability 6.1
2021-05-12 12:36:06.159319: I tensorflow/compiler/xla/service/service.cc:176]   StreamExecutor device (1): GeForce GTX 1080 Ti, Compute Capability 6.1
2021-05-12 12:36:06.160848: I tensorflow/core/common_runtime/gpu/gpu_device.cc:1561] Found device 0 with properties: 
pciBusID: 0000:5e:00.0 name: GeForce GTX 1080 Ti computeCapability: 6.1
coreClock: 1.582GHz coreCount: 28 deviceMemorySize: 10.92GiB deviceMemoryBandwidth: 451.17GiB/s
2021-05-12 12:36:06.161364: I tensorflow/core/common_runtime/gpu/gpu_device.cc:1561] Found device 1 with properties: 
pciBusID: 0000:d8:00.0 name: GeForce GTX 1080 Ti computeCapability: 6.1
coreClock: 1.582GHz coreCount: 28 deviceMemorySize: 10.92GiB deviceMemoryBandwidth: 451.17GiB/s
2021-05-12 12:36:06.161411: I tensorflow/stream_executor/platform/default/dso_loader.cc:44] Successfully opened dynamic library libcudart.so.10.1
2021-05-12 12:36:06.161426: I tensorflow/stream_executor/platform/default/dso_loader.cc:44] Successfully opened dynamic library libcublas.so.10
2021-05-12 12:36:06.161439: I tensorflow/stream_executor/platform/default/dso_loader.cc:44] Successfully opened dynamic library libcufft.so.10
2021-05-12 12:36:06.161452: I tensorflow/stream_executor/platform/default/dso_loader.cc:44] Successfully opened dynamic library libcurand.so.10
2021-05-12 12:36:06.161464: I tensorflow/stream_executor/platform/default/dso_loader.cc:44] Successfully opened dynamic library libcusolver.so.10
2021-05-12 12:36:06.161476: I tensorflow/stream_executor/platform/default/dso_loader.cc:44] Successfully opened dynamic library libcusparse.so.10
2021-05-12 12:36:06.161489: I tensorflow/stream_executor/platform/default/dso_loader.cc:44] Successfully opened dynamic library libcudnn.so.7
2021-05-12 12:36:06.163849: I tensorflow/core/common_runtime/gpu/gpu_device.cc:1703] Adding visible gpu devices: 0, 1
2021-05-12 12:36:06.163892: I tensorflow/stream_executor/platform/default/dso_loader.cc:44] Successfully opened dynamic library libcudart.so.10.1
2021-05-12 12:36:06.165588: I tensorflow/core/common_runtime/gpu/gpu_device.cc:1102] Device interconnect StreamExecutor with strength 1 edge matrix:
2021-05-12 12:36:06.165603: I tensorflow/core/common_runtime/gpu/gpu_device.cc:1108]      0 1 
2021-05-12 12:36:06.165611: I tensorflow/core/common_runtime/gpu/gpu_device.cc:1121] 0:   N Y 
2021-05-12 12:36:06.165616: I tensorflow/core/common_runtime/gpu/gpu_device.cc:1121] 1:   Y N 
2021-05-12 12:36:06.167116: I tensorflow/core/common_runtime/gpu/gpu_device.cc:1247] Created TensorFlow device (/job:localhost/replica:0/task:0/device:GPU:0 with 10378 MB memory) -> physical GPU (device: 0, name: GeForce GTX 1080 Ti, pci bus id: 0000:5e:00.0, compute capability: 6.1)
2021-05-12 12:36:06.168489: I tensorflow/core/common_runtime/gpu/gpu_device.cc:1247] Created TensorFlow device (/job:localhost/replica:0/task:0/device:GPU:1 with 10378 MB memory) -> physical GPU (device: 1, name: GeForce GTX 1080 Ti, pci bus id: 0000:d8:00.0, compute capability: 6.1)
2021-05-12 12:36:20.321013: I tensorflow/stream_executor/platform/default/dso_loader.cc:44] Successfully opened dynamic library libcublas.so.10
2021-05-12 12:36:20.727569: I tensorflow/stream_executor/platform/default/dso_loader.cc:44] Successfully opened dynamic library libcudnn.so.7
WARNING:tensorflow:From /home/miniej94/.local/lib/python3.8/site-packages/tensorflow/python/keras/wrappers/scikit_learn.py:264: Sequential.predict_proba (from tensorflow.python.keras.engine.sequential) is deprecated and will be removed after 2021-01-01.
Instructions for updating:
Please use `model.predict()` instead.
203209 203209
encoding running time : 0:00:34.912361
Fitting 5 folds for each of 24 candidates, totalling 120 fits
[CV 1/5] END .........activation=relu, neurons=32, units=128; total time= 2.7min
[CV 2/5] END .........activation=relu, neurons=32, units=128; total time= 2.4min
[CV 3/5] END .........activation=relu, neurons=32, units=128; total time= 2.4min
[CV 4/5] END .........activation=relu, neurons=32, units=128; total time= 2.4min
[CV 5/5] END .........activation=relu, neurons=32, units=128; total time= 2.4min
[CV 1/5] END .........activation=relu, neurons=32, units=200; total time= 2.8min
[CV 2/5] END .........activation=relu, neurons=32, units=200; total time= 2.8min
[CV 3/5] END .........activation=relu, neurons=32, units=200; total time= 2.8min
[CV 4/5] END .........activation=relu, neurons=32, units=200; total time= 2.8min
[CV 5/5] END .........activation=relu, neurons=32, units=200; total time= 2.8min
[CV 1/5] END .........activation=relu, neurons=32, units=256; total time= 3.1min
[CV 2/5] END .........activation=relu, neurons=32, units=256; total time= 3.1min
[CV 3/5] END .........activation=relu, neurons=32, units=256; total time= 3.1min
[CV 4/5] END .........activation=relu, neurons=32, units=256; total time= 3.1min
[CV 5/5] END .........activation=relu, neurons=32, units=256; total time= 3.1min
[CV 1/5] END .........activation=relu, neurons=32, units=512; total time= 6.7min
[CV 2/5] END .........activation=relu, neurons=32, units=512; total time= 6.7min
[CV 3/5] END .........activation=relu, neurons=32, units=512; total time= 6.8min
[CV 4/5] END .........activation=relu, neurons=32, units=512; total time= 6.7min
[CV 5/5] END .........activation=relu, neurons=32, units=512; total time= 6.7min
[CV 1/5] END .........activation=relu, neurons=64, units=128; total time= 2.4min
[CV 2/5] END .........activation=relu, neurons=64, units=128; total time= 2.4min
[CV 3/5] END .........activation=relu, neurons=64, units=128; total time= 2.4min
[CV 4/5] END .........activation=relu, neurons=64, units=128; total time= 2.4min
[CV 5/5] END .........activation=relu, neurons=64, units=128; total time= 2.4min
[CV 1/5] END .........activation=relu, neurons=64, units=200; total time= 2.8min
[CV 2/5] END .........activation=relu, neurons=64, units=200; total time= 2.8min
[CV 3/5] END .........activation=relu, neurons=64, units=200; total time= 2.8min
[CV 4/5] END .........activation=relu, neurons=64, units=200; total time= 2.8min
[CV 5/5] END .........activation=relu, neurons=64, units=200; total time= 2.8min
[CV 1/5] END .........activation=relu, neurons=64, units=256; total time= 3.1min
[CV 2/5] END .........activation=relu, neurons=64, units=256; total time= 3.1min
[CV 3/5] END .........activation=relu, neurons=64, units=256; total time= 3.1min
[CV 4/5] END .........activation=relu, neurons=64, units=256; total time= 3.1min
[CV 5/5] END .........activation=relu, neurons=64, units=256; total time= 3.1min
[CV 1/5] END .........activation=relu, neurons=64, units=512; total time= 6.7min
[CV 2/5] END .........activation=relu, neurons=64, units=512; total time= 6.7min
[CV 3/5] END .........activation=relu, neurons=64, units=512; total time= 6.7min
[CV 4/5] END .........activation=relu, neurons=64, units=512; total time= 6.7min
[CV 5/5] END .........activation=relu, neurons=64, units=512; total time= 6.7min
[CV 1/5] END ........activation=relu, neurons=128, units=128; total time= 2.4min
[CV 2/5] END ........activation=relu, neurons=128, units=128; total time= 2.4min
[CV 3/5] END ........activation=relu, neurons=128, units=128; total time= 2.4min
[CV 4/5] END ........activation=relu, neurons=128, units=128; total time= 2.4min
[CV 5/5] END ........activation=relu, neurons=128, units=128; total time= 2.4min
[CV 1/5] END ........activation=relu, neurons=128, units=200; total time= 2.8min
[CV 2/5] END ........activation=relu, neurons=128, units=200; total time= 2.8min
[CV 3/5] END ........activation=relu, neurons=128, units=200; total time= 2.8min
[CV 4/5] END ........activation=relu, neurons=128, units=200; total time= 2.8min
[CV 5/5] END ........activation=relu, neurons=128, units=200; total time= 2.8min
[CV 1/5] END ........activation=relu, neurons=128, units=256; total time= 3.1min
[CV 2/5] END ........activation=relu, neurons=128, units=256; total time= 3.1min
[CV 3/5] END ........activation=relu, neurons=128, units=256; total time= 3.1min
[CV 4/5] END ........activation=relu, neurons=128, units=256; total time= 3.1min
[CV 5/5] END ........activation=relu, neurons=128, units=256; total time= 3.1min
[CV 1/5] END ........activation=relu, neurons=128, units=512; total time= 6.7min
[CV 2/5] END ........activation=relu, neurons=128, units=512; total time= 6.7min
[CV 3/5] END ........activation=relu, neurons=128, units=512; total time= 6.8min
[CV 4/5] END ........activation=relu, neurons=128, units=512; total time= 6.7min
[CV 5/5] END ........activation=relu, neurons=128, units=512; total time= 6.8min
[CV 1/5] END .........activation=tanh, neurons=32, units=128; total time= 2.4min
[CV 2/5] END .........activation=tanh, neurons=32, units=128; total time= 2.4min
[CV 3/5] END .........activation=tanh, neurons=32, units=128; total time= 2.4min
[CV 4/5] END .........activation=tanh, neurons=32, units=128; total time= 2.4min
[CV 5/5] END .........activation=tanh, neurons=32, units=128; total time= 2.4min
[CV 1/5] END .........activation=tanh, neurons=32, units=200; total time= 2.8min
[CV 2/5] END .........activation=tanh, neurons=32, units=200; total time= 2.8min
[CV 3/5] END .........activation=tanh, neurons=32, units=200; total time= 2.8min
[CV 4/5] END .........activation=tanh, neurons=32, units=200; total time= 2.8min
[CV 5/5] END .........activation=tanh, neurons=32, units=200; total time= 2.8min
[CV 1/5] END .........activation=tanh, neurons=32, units=256; total time= 3.1min
[CV 2/5] END .........activation=tanh, neurons=32, units=256; total time= 3.1min
[CV 3/5] END .........activation=tanh, neurons=32, units=256; total time= 3.1min
[CV 4/5] END .........activation=tanh, neurons=32, units=256; total time= 3.1min
[CV 5/5] END .........activation=tanh, neurons=32, units=256; total time= 3.1min
[CV 1/5] END .........activation=tanh, neurons=32, units=512; total time= 6.7min
[CV 2/5] END .........activation=tanh, neurons=32, units=512; total time= 6.8min
[CV 3/5] END .........activation=tanh, neurons=32, units=512; total time= 6.8min
[CV 4/5] END .........activation=tanh, neurons=32, units=512; total time= 6.8min
[CV 5/5] END .........activation=tanh, neurons=32, units=512; total time= 6.8min
[CV 1/5] END .........activation=tanh, neurons=64, units=128; total time= 2.4min
[CV 2/5] END .........activation=tanh, neurons=64, units=128; total time= 2.4min
[CV 3/5] END .........activation=tanh, neurons=64, units=128; total time= 2.4min
[CV 4/5] END .........activation=tanh, neurons=64, units=128; total time= 2.4min
[CV 5/5] END .........activation=tanh, neurons=64, units=128; total time= 2.4min
[CV 1/5] END .........activation=tanh, neurons=64, units=200; total time= 2.8min
[CV 2/5] END .........activation=tanh, neurons=64, units=200; total time= 2.8min
[CV 3/5] END .........activation=tanh, neurons=64, units=200; total time= 2.8min
[CV 4/5] END .........activation=tanh, neurons=64, units=200; total time= 2.8min
[CV 5/5] END .........activation=tanh, neurons=64, units=200; total time= 2.8min
[CV 1/5] END .........activation=tanh, neurons=64, units=256; total time= 3.1min
[CV 2/5] END .........activation=tanh, neurons=64, units=256; total time= 3.1min
[CV 3/5] END .........activation=tanh, neurons=64, units=256; total time= 3.1min
[CV 4/5] END .........activation=tanh, neurons=64, units=256; total time= 3.1min
[CV 5/5] END .........activation=tanh, neurons=64, units=256; total time= 3.1min
[CV 1/5] END .........activation=tanh, neurons=64, units=512; total time= 6.8min
[CV 2/5] END .........activation=tanh, neurons=64, units=512; total time= 6.7min
[CV 3/5] END .........activation=tanh, neurons=64, units=512; total time= 6.8min
[CV 4/5] END .........activation=tanh, neurons=64, units=512; total time= 6.8min
[CV 5/5] END .........activation=tanh, neurons=64, units=512; total time= 6.7min
[CV 1/5] END ........activation=tanh, neurons=128, units=128; total time= 2.4min
[CV 2/5] END ........activation=tanh, neurons=128, units=128; total time= 2.4min
[CV 3/5] END ........activation=tanh, neurons=128, units=128; total time= 2.4min
[CV 4/5] END ........activation=tanh, neurons=128, units=128; total time= 2.4min
[CV 5/5] END ........activation=tanh, neurons=128, units=128; total time= 2.4min
[CV 1/5] END ........activation=tanh, neurons=128, units=200; total time= 2.8min
[CV 2/5] END ........activation=tanh, neurons=128, units=200; total time= 2.8min
[CV 3/5] END ........activation=tanh, neurons=128, units=200; total time= 2.8min
[CV 4/5] END ........activation=tanh, neurons=128, units=200; total time= 2.8min
[CV 5/5] END ........activation=tanh, neurons=128, units=200; total time= 2.8min
[CV 1/5] END ........activation=tanh, neurons=128, units=256; total time= 3.1min
[CV 2/5] END ........activation=tanh, neurons=128, units=256; total time= 3.1min
[CV 3/5] END ........activation=tanh, neurons=128, units=256; total time= 3.1min
[CV 4/5] END ........activation=tanh, neurons=128, units=256; total time= 3.1min
[CV 5/5] END ........activation=tanh, neurons=128, units=256; total time= 3.1min
[CV 1/5] END ........activation=tanh, neurons=128, units=512; total time= 6.8min
[CV 2/5] END ........activation=tanh, neurons=128, units=512; total time= 6.8min
[CV 3/5] END ........activation=tanh, neurons=128, units=512; total time= 6.8min
[CV 4/5] END ........activation=tanh, neurons=128, units=512; total time= 6.8min
[CV 5/5] END ........activation=tanh, neurons=128, units=512; total time= 6.8min
grid search running time : 7:36:10.400282
Best: 0.755622 using {'activation': 'relu', 'neurons': 128, 'units': 200}
Epoch 1/10
16257/16257 - 176s - loss: 0.5844 - tp: 328918.0000 - accuracy: 0.6328 - val_loss: 0.5639 - val_tp: 84936.0000 - val_accuracy: 0.6501
Epoch 2/10
16257/16257 - 175s - loss: 0.5540 - tp: 340896.0000 - accuracy: 0.6553 - val_loss: 0.5504 - val_tp: 86015.0000 - val_accuracy: 0.6591
Epoch 3/10
16257/16257 - 175s - loss: 0.5459 - tp: 345603.0000 - accuracy: 0.6645 - val_loss: 0.5460 - val_tp: 86899.0000 - val_accuracy: 0.6682
Epoch 4/10
16257/16257 - 175s - loss: 0.5386 - tp: 350236.0000 - accuracy: 0.6733 - val_loss: 0.5420 - val_tp: 87303.0000 - val_accuracy: 0.6714
Epoch 5/10
16257/16257 - 175s - loss: 0.5305 - tp: 355152.0000 - accuracy: 0.6827 - val_loss: 0.5420 - val_tp: 87543.0000 - val_accuracy: 0.6732
Epoch 6/10
16257/16257 - 175s - loss: 0.5213 - tp: 359355.0000 - accuracy: 0.6908 - val_loss: 0.5426 - val_tp: 87717.0000 - val_accuracy: 0.6742
Epoch 7/10
16257/16257 - 174s - loss: 0.5096 - tp: 364989.0000 - accuracy: 0.7016 - val_loss: 0.5486 - val_tp: 87227.0000 - val_accuracy: 0.6708
Epoch 8/10
16257/16257 - 175s - loss: 0.4960 - tp: 370924.0000 - accuracy: 0.7131 - val_loss: 0.5576 - val_tp: 86926.0000 - val_accuracy: 0.6683
Epoch 9/10
16257/16257 - 174s - loss: 0.4802 - tp: 378209.0000 - accuracy: 0.7270 - val_loss: 0.5646 - val_tp: 86701.0000 - val_accuracy: 0.6666
Epoch 10/10
16257/16257 - 174s - loss: 0.4630 - tp: 385336.0000 - accuracy: 0.7407 - val_loss: 0.5893 - val_tp: 86468.0000 - val_accuracy: 0.6649

== Epilog Slurmctld ==================================================

Job ID: 7172744
Cluster: curta
User/Group: miniej94/agseelow
State: COMPLETED (exit code 0)
Cores: 1
CPU Utilized: 05:39:03
CPU Efficiency: 69.63% of 08:06:55 core-walltime
Job Wall-clock time: 08:06:55
Memory Utilized: 2.80 GB
Memory Efficiency: 4.38% of 64.00 GB

======================================================================
