
The following have been reloaded with a version change:
  1) GCCcore/10.2.0 => GCCcore/8.3.0
  2) binutils/2.35-GCCcore-10.2.0 => binutils/2.32-GCCcore-8.3.0
  3) zlib/1.2.11-GCCcore-10.2.0 => zlib/1.2.11-GCCcore-8.3.0


The following have been reloaded with a version change:
  1) CUDA/10.2.89-GCC-8.3.0 => CUDA/10.1.243-GCC-8.3.0

Defaulting to user installation because normal site-packages is not writeable
Collecting tensorflow-gpu==2.2.0
  Using cached tensorflow_gpu-2.2.0-cp38-cp38-manylinux2010_x86_64.whl (516.3 MB)
Requirement already satisfied: protobuf>=3.8.0 in ./.local/lib/python3.8/site-packages (from tensorflow-gpu==2.2.0) (3.15.8)
Requirement already satisfied: keras-preprocessing>=1.1.0 in ./.local/lib/python3.8/site-packages (from tensorflow-gpu==2.2.0) (1.1.2)
Requirement already satisfied: h5py<2.11.0,>=2.10.0 in ./.local/lib/python3.8/site-packages (from tensorflow-gpu==2.2.0) (2.10.0)
Requirement already satisfied: numpy<2.0,>=1.16.0 in ./.local/lib/python3.8/site-packages (from tensorflow-gpu==2.2.0) (1.19.5)
Requirement already satisfied: google-pasta>=0.1.8 in ./.local/lib/python3.8/site-packages (from tensorflow-gpu==2.2.0) (0.2.0)
Requirement already satisfied: opt-einsum>=2.3.2 in ./.local/lib/python3.8/site-packages (from tensorflow-gpu==2.2.0) (3.3.0)
Requirement already satisfied: wrapt>=1.11.1 in ./.local/lib/python3.8/site-packages (from tensorflow-gpu==2.2.0) (1.12.1)
Requirement already satisfied: astunparse==1.6.3 in ./.local/lib/python3.8/site-packages (from tensorflow-gpu==2.2.0) (1.6.3)
Requirement already satisfied: grpcio>=1.8.6 in ./.local/lib/python3.8/site-packages (from tensorflow-gpu==2.2.0) (1.32.0)
Requirement already satisfied: gast==0.3.3 in ./.local/lib/python3.8/site-packages (from tensorflow-gpu==2.2.0) (0.3.3)
Collecting tensorboard<2.3.0,>=2.2.0
  Using cached tensorboard-2.2.2-py3-none-any.whl (3.0 MB)
Requirement already satisfied: absl-py>=0.7.0 in ./.local/lib/python3.8/site-packages (from tensorflow-gpu==2.2.0) (0.12.0)
Requirement already satisfied: scipy==1.4.1; python_version >= "3" in ./.local/lib/python3.8/site-packages (from tensorflow-gpu==2.2.0) (1.4.1)
Requirement already satisfied: termcolor>=1.1.0 in ./.local/lib/python3.8/site-packages (from tensorflow-gpu==2.2.0) (1.1.0)
Collecting tensorflow-estimator<2.3.0,>=2.2.0
  Using cached tensorflow_estimator-2.2.0-py2.py3-none-any.whl (454 kB)
Requirement already satisfied: wheel>=0.26; python_version >= "3" in /trinity/shared/easybuild/software/Python/3.8.6-GCCcore-10.2.0/lib/python3.8/site-packages (from tensorflow-gpu==2.2.0) (0.35.1)
Requirement already satisfied: six>=1.12.0 in /trinity/shared/easybuild/software/Python/3.8.6-GCCcore-10.2.0/lib/python3.8/site-packages (from tensorflow-gpu==2.2.0) (1.15.0)
Requirement already satisfied: google-auth<2,>=1.6.3 in ./.local/lib/python3.8/site-packages (from tensorboard<2.3.0,>=2.2.0->tensorflow-gpu==2.2.0) (1.29.0)
Requirement already satisfied: requests<3,>=2.21.0 in /trinity/shared/easybuild/software/Python/3.8.6-GCCcore-10.2.0/lib/python3.8/site-packages (from tensorboard<2.3.0,>=2.2.0->tensorflow-gpu==2.2.0) (2.24.0)
Requirement already satisfied: tensorboard-plugin-wit>=1.6.0 in ./.local/lib/python3.8/site-packages (from tensorboard<2.3.0,>=2.2.0->tensorflow-gpu==2.2.0) (1.8.0)
Requirement already satisfied: google-auth-oauthlib<0.5,>=0.4.1 in ./.local/lib/python3.8/site-packages (from tensorboard<2.3.0,>=2.2.0->tensorflow-gpu==2.2.0) (0.4.4)
Requirement already satisfied: setuptools>=41.0.0 in /trinity/shared/easybuild/software/Python/3.8.6-GCCcore-10.2.0/lib/python3.8/site-packages (from tensorboard<2.3.0,>=2.2.0->tensorflow-gpu==2.2.0) (50.3.0)
Requirement already satisfied: werkzeug>=0.11.15 in ./.local/lib/python3.8/site-packages (from tensorboard<2.3.0,>=2.2.0->tensorflow-gpu==2.2.0) (1.0.1)
Requirement already satisfied: markdown>=2.6.8 in ./.local/lib/python3.8/site-packages (from tensorboard<2.3.0,>=2.2.0->tensorflow-gpu==2.2.0) (3.3.4)
Requirement already satisfied: rsa<5,>=3.1.4; python_version >= "3.6" in ./.local/lib/python3.8/site-packages (from google-auth<2,>=1.6.3->tensorboard<2.3.0,>=2.2.0->tensorflow-gpu==2.2.0) (4.7.2)
Requirement already satisfied: cachetools<5.0,>=2.0.0 in ./.local/lib/python3.8/site-packages (from google-auth<2,>=1.6.3->tensorboard<2.3.0,>=2.2.0->tensorflow-gpu==2.2.0) (4.2.1)
Requirement already satisfied: pyasn1-modules>=0.2.1 in ./.local/lib/python3.8/site-packages (from google-auth<2,>=1.6.3->tensorboard<2.3.0,>=2.2.0->tensorflow-gpu==2.2.0) (0.2.8)
Requirement already satisfied: chardet<4,>=3.0.2 in /trinity/shared/easybuild/software/Python/3.8.6-GCCcore-10.2.0/lib/python3.8/site-packages (from requests<3,>=2.21.0->tensorboard<2.3.0,>=2.2.0->tensorflow-gpu==2.2.0) (3.0.4)
Requirement already satisfied: certifi>=2017.4.17 in /trinity/shared/easybuild/software/Python/3.8.6-GCCcore-10.2.0/lib/python3.8/site-packages (from requests<3,>=2.21.0->tensorboard<2.3.0,>=2.2.0->tensorflow-gpu==2.2.0) (2020.6.20)
Requirement already satisfied: idna<3,>=2.5 in /trinity/shared/easybuild/software/Python/3.8.6-GCCcore-10.2.0/lib/python3.8/site-packages (from requests<3,>=2.21.0->tensorboard<2.3.0,>=2.2.0->tensorflow-gpu==2.2.0) (2.10)
Requirement already satisfied: urllib3!=1.25.0,!=1.25.1,<1.26,>=1.21.1 in /trinity/shared/easybuild/software/Python/3.8.6-GCCcore-10.2.0/lib/python3.8/site-packages (from requests<3,>=2.21.0->tensorboard<2.3.0,>=2.2.0->tensorflow-gpu==2.2.0) (1.25.10)
Requirement already satisfied: requests-oauthlib>=0.7.0 in ./.local/lib/python3.8/site-packages (from google-auth-oauthlib<0.5,>=0.4.1->tensorboard<2.3.0,>=2.2.0->tensorflow-gpu==2.2.0) (1.3.0)
Requirement already satisfied: pyasn1>=0.1.3 in /trinity/shared/easybuild/software/Python/3.8.6-GCCcore-10.2.0/lib/python3.8/site-packages (from rsa<5,>=3.1.4; python_version >= "3.6"->google-auth<2,>=1.6.3->tensorboard<2.3.0,>=2.2.0->tensorflow-gpu==2.2.0) (0.4.8)
Requirement already satisfied: oauthlib>=3.0.0 in ./.local/lib/python3.8/site-packages (from requests-oauthlib>=0.7.0->google-auth-oauthlib<0.5,>=0.4.1->tensorboard<2.3.0,>=2.2.0->tensorflow-gpu==2.2.0) (3.1.0)
Installing collected packages: tensorboard, tensorflow-estimator, tensorflow-gpu
  Attempting uninstall: tensorboard
    Found existing installation: tensorboard 2.5.0
    Uninstalling tensorboard-2.5.0:
      Successfully uninstalled tensorboard-2.5.0
  Attempting uninstall: tensorflow-estimator
    Found existing installation: tensorflow-estimator 2.4.0
    Uninstalling tensorflow-estimator-2.4.0:
      Successfully uninstalled tensorflow-estimator-2.4.0
  Attempting uninstall: tensorflow-gpu
    Found existing installation: tensorflow-gpu 2.4.1
    Uninstalling tensorflow-gpu-2.4.1:
      Successfully uninstalled tensorflow-gpu-2.4.1
ERROR: After October 2020 you may experience errors when installing or updating packages. This is because pip will change the way that it resolves dependency conflicts.

We recommend you use --use-feature=2020-resolver to test your packages with the new resolver before it becomes the default.

tensorflow 2.4.1 requires tensorboard~=2.4, but you'll have tensorboard 2.2.2 which is incompatible.
tensorflow 2.4.1 requires tensorflow-estimator<2.5.0,>=2.4.0, but you'll have tensorflow-estimator 2.2.0 which is incompatible.
Successfully installed tensorboard-2.2.2 tensorflow-estimator-2.2.0 tensorflow-gpu-2.2.0
2021-05-08 13:20:59.914793: I tensorflow/stream_executor/platform/default/dso_loader.cc:44] Successfully opened dynamic library libcuda.so.1
2021-05-08 13:20:59.943064: I tensorflow/core/common_runtime/gpu/gpu_device.cc:1561] Found device 0 with properties: 
pciBusID: 0000:5e:00.0 name: GeForce GTX 1080 Ti computeCapability: 6.1
coreClock: 1.582GHz coreCount: 28 deviceMemorySize: 10.92GiB deviceMemoryBandwidth: 451.17GiB/s
2021-05-08 13:20:59.943630: I tensorflow/core/common_runtime/gpu/gpu_device.cc:1561] Found device 1 with properties: 
pciBusID: 0000:d8:00.0 name: GeForce GTX 1080 Ti computeCapability: 6.1
coreClock: 1.582GHz coreCount: 28 deviceMemorySize: 10.92GiB deviceMemoryBandwidth: 451.17GiB/s
2021-05-08 13:20:59.951285: I tensorflow/stream_executor/platform/default/dso_loader.cc:44] Successfully opened dynamic library libcudart.so.10.1
2021-05-08 13:21:00.324477: I tensorflow/stream_executor/platform/default/dso_loader.cc:44] Successfully opened dynamic library libcublas.so.10
2021-05-08 13:21:00.679788: I tensorflow/stream_executor/platform/default/dso_loader.cc:44] Successfully opened dynamic library libcufft.so.10
2021-05-08 13:21:01.273067: I tensorflow/stream_executor/platform/default/dso_loader.cc:44] Successfully opened dynamic library libcurand.so.10
2021-05-08 13:21:01.589804: I tensorflow/stream_executor/platform/default/dso_loader.cc:44] Successfully opened dynamic library libcusolver.so.10
2021-05-08 13:21:01.819048: I tensorflow/stream_executor/platform/default/dso_loader.cc:44] Successfully opened dynamic library libcusparse.so.10
2021-05-08 13:21:02.510294: I tensorflow/stream_executor/platform/default/dso_loader.cc:44] Successfully opened dynamic library libcudnn.so.7
2021-05-08 13:21:02.513372: I tensorflow/core/common_runtime/gpu/gpu_device.cc:1703] Adding visible gpu devices: 0, 1
2021-05-08 13:21:02.513758: I tensorflow/core/platform/cpu_feature_guard.cc:143] Your CPU supports instructions that this TensorFlow binary was not compiled to use: AVX2 AVX512F FMA
2021-05-08 13:21:02.519753: I tensorflow/core/platform/profile_utils/cpu_utils.cc:102] CPU Frequency: 2100000000 Hz
2021-05-08 13:21:02.519860: I tensorflow/compiler/xla/service/service.cc:168] XLA service 0xa05deb0 initialized for platform Host (this does not guarantee that XLA will be used). Devices:
2021-05-08 13:21:02.519872: I tensorflow/compiler/xla/service/service.cc:176]   StreamExecutor device (0): Host, Default Version
2021-05-08 13:21:02.775193: I tensorflow/compiler/xla/service/service.cc:168] XLA service 0xa060a30 initialized for platform CUDA (this does not guarantee that XLA will be used). Devices:
2021-05-08 13:21:02.775226: I tensorflow/compiler/xla/service/service.cc:176]   StreamExecutor device (0): GeForce GTX 1080 Ti, Compute Capability 6.1
2021-05-08 13:21:02.775232: I tensorflow/compiler/xla/service/service.cc:176]   StreamExecutor device (1): GeForce GTX 1080 Ti, Compute Capability 6.1
2021-05-08 13:21:02.776746: I tensorflow/core/common_runtime/gpu/gpu_device.cc:1561] Found device 0 with properties: 
pciBusID: 0000:5e:00.0 name: GeForce GTX 1080 Ti computeCapability: 6.1
coreClock: 1.582GHz coreCount: 28 deviceMemorySize: 10.92GiB deviceMemoryBandwidth: 451.17GiB/s
2021-05-08 13:21:02.777700: I tensorflow/core/common_runtime/gpu/gpu_device.cc:1561] Found device 1 with properties: 
pciBusID: 0000:d8:00.0 name: GeForce GTX 1080 Ti computeCapability: 6.1
coreClock: 1.582GHz coreCount: 28 deviceMemorySize: 10.92GiB deviceMemoryBandwidth: 451.17GiB/s
2021-05-08 13:21:02.777748: I tensorflow/stream_executor/platform/default/dso_loader.cc:44] Successfully opened dynamic library libcudart.so.10.1
2021-05-08 13:21:02.777762: I tensorflow/stream_executor/platform/default/dso_loader.cc:44] Successfully opened dynamic library libcublas.so.10
2021-05-08 13:21:02.777775: I tensorflow/stream_executor/platform/default/dso_loader.cc:44] Successfully opened dynamic library libcufft.so.10
2021-05-08 13:21:02.777786: I tensorflow/stream_executor/platform/default/dso_loader.cc:44] Successfully opened dynamic library libcurand.so.10
2021-05-08 13:21:02.777798: I tensorflow/stream_executor/platform/default/dso_loader.cc:44] Successfully opened dynamic library libcusolver.so.10
2021-05-08 13:21:02.777809: I tensorflow/stream_executor/platform/default/dso_loader.cc:44] Successfully opened dynamic library libcusparse.so.10
2021-05-08 13:21:02.777821: I tensorflow/stream_executor/platform/default/dso_loader.cc:44] Successfully opened dynamic library libcudnn.so.7
2021-05-08 13:21:02.779683: I tensorflow/core/common_runtime/gpu/gpu_device.cc:1703] Adding visible gpu devices: 0, 1
2021-05-08 13:21:02.779721: I tensorflow/stream_executor/platform/default/dso_loader.cc:44] Successfully opened dynamic library libcudart.so.10.1
2021-05-08 13:21:02.781783: I tensorflow/core/common_runtime/gpu/gpu_device.cc:1102] Device interconnect StreamExecutor with strength 1 edge matrix:
2021-05-08 13:21:02.781801: I tensorflow/core/common_runtime/gpu/gpu_device.cc:1108]      0 1 
2021-05-08 13:21:02.781810: I tensorflow/core/common_runtime/gpu/gpu_device.cc:1121] 0:   N Y 
2021-05-08 13:21:02.781815: I tensorflow/core/common_runtime/gpu/gpu_device.cc:1121] 1:   Y N 
2021-05-08 13:21:02.783314: I tensorflow/core/common_runtime/gpu/gpu_device.cc:1247] Created TensorFlow device (/job:localhost/replica:0/task:0/device:GPU:0 with 10378 MB memory) -> physical GPU (device: 0, name: GeForce GTX 1080 Ti, pci bus id: 0000:5e:00.0, compute capability: 6.1)
2021-05-08 13:21:02.784160: I tensorflow/core/common_runtime/gpu/gpu_device.cc:1247] Created TensorFlow device (/job:localhost/replica:0/task:0/device:GPU:1 with 10378 MB memory) -> physical GPU (device: 1, name: GeForce GTX 1080 Ti, pci bus id: 0000:d8:00.0, compute capability: 6.1)
2021-05-08 13:21:11.007547: I tensorflow/stream_executor/platform/default/dso_loader.cc:44] Successfully opened dynamic library libcublas.so.10
2021-05-08 13:21:11.390224: I tensorflow/stream_executor/platform/default/dso_loader.cc:44] Successfully opened dynamic library libcudnn.so.7
WARNING:tensorflow:From /home/miniej94/.local/lib/python3.8/site-packages/tensorflow/python/keras/wrappers/scikit_learn.py:264: Sequential.predict_proba (from tensorflow.python.keras.engine.sequential) is deprecated and will be removed after 2021-01-01.
Instructions for updating:
Please use `model.predict()` instead.
encoding running time : 0:00:34.835317
x_train : 650268, y_train : 650268
------- start grid search -------
Fitting 5 folds for each of 98 candidates, totalling 490 fits
[CV 1/5] END ..............epochs=10, filters=10, neurons=10; total time= 4.3min
[CV 2/5] END ..............epochs=10, filters=10, neurons=10; total time= 4.0min
[CV 3/5] END ..............epochs=10, filters=10, neurons=10; total time= 4.0min
[CV 4/5] END ..............epochs=10, filters=10, neurons=10; total time= 4.0min
[CV 5/5] END ..............epochs=10, filters=10, neurons=10; total time= 4.0min
[CV 1/5] END ..............epochs=10, filters=10, neurons=20; total time= 4.0min
[CV 2/5] END ..............epochs=10, filters=10, neurons=20; total time= 4.0min
[CV 3/5] END ..............epochs=10, filters=10, neurons=20; total time= 4.0min
[CV 4/5] END ..............epochs=10, filters=10, neurons=20; total time= 4.0min
[CV 5/5] END ..............epochs=10, filters=10, neurons=20; total time= 4.0min
[CV 1/5] END ..............epochs=10, filters=10, neurons=32; total time= 4.0min
[CV 2/5] END ..............epochs=10, filters=10, neurons=32; total time= 4.0min
[CV 3/5] END ..............epochs=10, filters=10, neurons=32; total time= 4.0min
[CV 4/5] END ..............epochs=10, filters=10, neurons=32; total time= 4.0min
[CV 5/5] END ..............epochs=10, filters=10, neurons=32; total time= 4.0min
[CV 1/5] END ..............epochs=10, filters=10, neurons=50; total time= 4.0min
[CV 2/5] END ..............epochs=10, filters=10, neurons=50; total time= 4.0min
[CV 3/5] END ..............epochs=10, filters=10, neurons=50; total time= 4.0min
[CV 4/5] END ..............epochs=10, filters=10, neurons=50; total time= 4.0min
[CV 5/5] END ..............epochs=10, filters=10, neurons=50; total time= 4.0min
[CV 1/5] END ..............epochs=10, filters=10, neurons=64; total time= 4.0min
[CV 2/5] END ..............epochs=10, filters=10, neurons=64; total time= 4.0min
[CV 3/5] END ..............epochs=10, filters=10, neurons=64; total time= 4.0min
[CV 4/5] END ..............epochs=10, filters=10, neurons=64; total time= 4.0min
[CV 5/5] END ..............epochs=10, filters=10, neurons=64; total time= 4.0min
[CV 1/5] END .............epochs=10, filters=10, neurons=100; total time= 4.0min
[CV 2/5] END .............epochs=10, filters=10, neurons=100; total time= 4.0min
[CV 3/5] END .............epochs=10, filters=10, neurons=100; total time= 4.0min
[CV 4/5] END .............epochs=10, filters=10, neurons=100; total time= 4.0min
[CV 5/5] END .............epochs=10, filters=10, neurons=100; total time= 4.0min
[CV 1/5] END .............epochs=10, filters=10, neurons=128; total time= 4.0min
[CV 2/5] END .............epochs=10, filters=10, neurons=128; total time= 4.0min
[CV 3/5] END .............epochs=10, filters=10, neurons=128; total time= 4.0min
[CV 4/5] END .............epochs=10, filters=10, neurons=128; total time= 4.0min
[CV 5/5] END .............epochs=10, filters=10, neurons=128; total time= 4.0min
[CV 1/5] END ..............epochs=10, filters=20, neurons=10; total time= 4.0min
[CV 2/5] END ..............epochs=10, filters=20, neurons=10; total time= 4.0min
[CV 3/5] END ..............epochs=10, filters=20, neurons=10; total time= 4.0min
[CV 4/5] END ..............epochs=10, filters=20, neurons=10; total time= 4.0min
[CV 5/5] END ..............epochs=10, filters=20, neurons=10; total time= 4.0min
[CV 1/5] END ..............epochs=10, filters=20, neurons=20; total time= 4.0min
[CV 2/5] END ..............epochs=10, filters=20, neurons=20; total time= 4.0min
[CV 3/5] END ..............epochs=10, filters=20, neurons=20; total time= 4.0min
[CV 4/5] END ..............epochs=10, filters=20, neurons=20; total time= 4.0min
[CV 5/5] END ..............epochs=10, filters=20, neurons=20; total time= 4.0min
[CV 1/5] END ..............epochs=10, filters=20, neurons=32; total time= 4.0min
[CV 2/5] END ..............epochs=10, filters=20, neurons=32; total time= 4.0min
[CV 3/5] END ..............epochs=10, filters=20, neurons=32; total time= 4.0min
[CV 4/5] END ..............epochs=10, filters=20, neurons=32; total time= 4.0min
[CV 5/5] END ..............epochs=10, filters=20, neurons=32; total time= 4.0min
[CV 1/5] END ..............epochs=10, filters=20, neurons=50; total time= 4.0min
[CV 2/5] END ..............epochs=10, filters=20, neurons=50; total time= 4.0min
[CV 3/5] END ..............epochs=10, filters=20, neurons=50; total time= 4.0min
[CV 4/5] END ..............epochs=10, filters=20, neurons=50; total time= 4.0min
[CV 5/5] END ..............epochs=10, filters=20, neurons=50; total time= 4.0min
[CV 1/5] END ..............epochs=10, filters=20, neurons=64; total time= 4.0min
[CV 2/5] END ..............epochs=10, filters=20, neurons=64; total time= 4.0min
[CV 3/5] END ..............epochs=10, filters=20, neurons=64; total time= 4.0min
[CV 4/5] END ..............epochs=10, filters=20, neurons=64; total time= 4.0min
[CV 5/5] END ..............epochs=10, filters=20, neurons=64; total time= 3.9min
[CV 1/5] END .............epochs=10, filters=20, neurons=100; total time= 4.0min
[CV 2/5] END .............epochs=10, filters=20, neurons=100; total time= 4.0min
[CV 3/5] END .............epochs=10, filters=20, neurons=100; total time= 4.0min
[CV 4/5] END .............epochs=10, filters=20, neurons=100; total time= 4.0min
[CV 5/5] END .............epochs=10, filters=20, neurons=100; total time= 4.0min
[CV 1/5] END .............epochs=10, filters=20, neurons=128; total time= 4.0min
[CV 2/5] END .............epochs=10, filters=20, neurons=128; total time= 4.0min
[CV 3/5] END .............epochs=10, filters=20, neurons=128; total time= 4.0min
[CV 4/5] END .............epochs=10, filters=20, neurons=128; total time= 4.0min
[CV 5/5] END .............epochs=10, filters=20, neurons=128; total time= 4.0min
[CV 1/5] END ..............epochs=10, filters=32, neurons=10; total time= 4.0min
[CV 2/5] END ..............epochs=10, filters=32, neurons=10; total time= 4.0min
[CV 3/5] END ..............epochs=10, filters=32, neurons=10; total time= 4.0min
[CV 4/5] END ..............epochs=10, filters=32, neurons=10; total time= 4.0min
[CV 5/5] END ..............epochs=10, filters=32, neurons=10; total time= 4.0min
[CV 1/5] END ..............epochs=10, filters=32, neurons=20; total time= 4.0min
[CV 2/5] END ..............epochs=10, filters=32, neurons=20; total time= 4.0min
[CV 3/5] END ..............epochs=10, filters=32, neurons=20; total time= 4.0min
[CV 4/5] END ..............epochs=10, filters=32, neurons=20; total time= 4.0min
[CV 5/5] END ..............epochs=10, filters=32, neurons=20; total time= 4.0min
[CV 1/5] END ..............epochs=10, filters=32, neurons=32; total time= 4.0min
[CV 2/5] END ..............epochs=10, filters=32, neurons=32; total time= 4.0min
[CV 3/5] END ..............epochs=10, filters=32, neurons=32; total time= 4.0min
[CV 4/5] END ..............epochs=10, filters=32, neurons=32; total time= 4.0min
[CV 5/5] END ..............epochs=10, filters=32, neurons=32; total time= 4.0min
[CV 1/5] END ..............epochs=10, filters=32, neurons=50; total time= 3.9min
[CV 2/5] END ..............epochs=10, filters=32, neurons=50; total time= 4.0min
[CV 3/5] END ..............epochs=10, filters=32, neurons=50; total time= 4.0min
[CV 4/5] END ..............epochs=10, filters=32, neurons=50; total time= 4.0min
[CV 5/5] END ..............epochs=10, filters=32, neurons=50; total time= 4.0min
[CV 1/5] END ..............epochs=10, filters=32, neurons=64; total time= 4.0min
[CV 2/5] END ..............epochs=10, filters=32, neurons=64; total time= 4.0min
[CV 3/5] END ..............epochs=10, filters=32, neurons=64; total time= 4.0min
[CV 4/5] END ..............epochs=10, filters=32, neurons=64; total time= 4.0min
[CV 5/5] END ..............epochs=10, filters=32, neurons=64; total time= 4.0min
[CV 1/5] END .............epochs=10, filters=32, neurons=100; total time= 4.0min
[CV 2/5] END .............epochs=10, filters=32, neurons=100; total time= 4.0min
[CV 3/5] END .............epochs=10, filters=32, neurons=100; total time= 4.0min
[CV 4/5] END .............epochs=10, filters=32, neurons=100; total time= 4.0min
[CV 5/5] END .............epochs=10, filters=32, neurons=100; total time= 4.0min
[CV 1/5] END .............epochs=10, filters=32, neurons=128; total time= 4.0min
[CV 2/5] END .............epochs=10, filters=32, neurons=128; total time= 4.0min
[CV 3/5] END .............epochs=10, filters=32, neurons=128; total time= 4.0min
[CV 4/5] END .............epochs=10, filters=32, neurons=128; total time= 4.0min
[CV 5/5] END .............epochs=10, filters=32, neurons=128; total time= 4.0min
[CV 1/5] END ..............epochs=10, filters=50, neurons=10; total time= 4.0min
[CV 2/5] END ..............epochs=10, filters=50, neurons=10; total time= 4.0min
[CV 3/5] END ..............epochs=10, filters=50, neurons=10; total time= 4.0min
[CV 4/5] END ..............epochs=10, filters=50, neurons=10; total time= 4.0min
[CV 5/5] END ..............epochs=10, filters=50, neurons=10; total time= 4.0min
[CV 1/5] END ..............epochs=10, filters=50, neurons=20; total time= 4.0min
[CV 2/5] END ..............epochs=10, filters=50, neurons=20; total time= 4.0min
[CV 3/5] END ..............epochs=10, filters=50, neurons=20; total time= 4.0min
[CV 4/5] END ..............epochs=10, filters=50, neurons=20; total time= 4.0min
[CV 5/5] END ..............epochs=10, filters=50, neurons=20; total time= 4.0min
[CV 1/5] END ..............epochs=10, filters=50, neurons=32; total time= 4.0min
[CV 2/5] END ..............epochs=10, filters=50, neurons=32; total time= 4.0min
[CV 3/5] END ..............epochs=10, filters=50, neurons=32; total time= 4.0min
[CV 4/5] END ..............epochs=10, filters=50, neurons=32; total time= 4.0min
[CV 5/5] END ..............epochs=10, filters=50, neurons=32; total time= 4.0min
[CV 1/5] END ..............epochs=10, filters=50, neurons=50; total time= 4.0min
[CV 2/5] END ..............epochs=10, filters=50, neurons=50; total time= 4.0min
[CV 3/5] END ..............epochs=10, filters=50, neurons=50; total time= 4.0min
[CV 4/5] END ..............epochs=10, filters=50, neurons=50; total time= 4.0min
[CV 5/5] END ..............epochs=10, filters=50, neurons=50; total time= 4.0min
[CV 1/5] END ..............epochs=10, filters=50, neurons=64; total time= 4.0min
[CV 2/5] END ..............epochs=10, filters=50, neurons=64; total time= 4.0min
[CV 3/5] END ..............epochs=10, filters=50, neurons=64; total time= 4.0min
[CV 4/5] END ..............epochs=10, filters=50, neurons=64; total time= 4.0min
[CV 5/5] END ..............epochs=10, filters=50, neurons=64; total time= 4.0min
[CV 1/5] END .............epochs=10, filters=50, neurons=100; total time= 4.0min
[CV 2/5] END .............epochs=10, filters=50, neurons=100; total time= 4.0min
[CV 3/5] END .............epochs=10, filters=50, neurons=100; total time= 4.0min
[CV 4/5] END .............epochs=10, filters=50, neurons=100; total time= 4.0min
[CV 5/5] END .............epochs=10, filters=50, neurons=100; total time= 4.0min
[CV 1/5] END .............epochs=10, filters=50, neurons=128; total time= 4.0min
[CV 2/5] END .............epochs=10, filters=50, neurons=128; total time= 4.0min
[CV 3/5] END .............epochs=10, filters=50, neurons=128; total time= 4.0min
[CV 4/5] END .............epochs=10, filters=50, neurons=128; total time= 4.0min
[CV 5/5] END .............epochs=10, filters=50, neurons=128; total time= 4.0min
[CV 1/5] END ..............epochs=10, filters=64, neurons=10; total time= 4.0min
[CV 2/5] END ..............epochs=10, filters=64, neurons=10; total time= 4.0min
[CV 3/5] END ..............epochs=10, filters=64, neurons=10; total time= 4.0min
[CV 4/5] END ..............epochs=10, filters=64, neurons=10; total time= 4.0min
[CV 5/5] END ..............epochs=10, filters=64, neurons=10; total time= 4.0min
[CV 1/5] END ..............epochs=10, filters=64, neurons=20; total time= 4.0min
[CV 2/5] END ..............epochs=10, filters=64, neurons=20; total time= 4.0min
[CV 3/5] END ..............epochs=10, filters=64, neurons=20; total time= 4.0min
[CV 4/5] END ..............epochs=10, filters=64, neurons=20; total time= 4.0min
[CV 5/5] END ..............epochs=10, filters=64, neurons=20; total time= 4.0min
[CV 1/5] END ..............epochs=10, filters=64, neurons=32; total time= 4.0min
[CV 2/5] END ..............epochs=10, filters=64, neurons=32; total time= 4.0min
[CV 3/5] END ..............epochs=10, filters=64, neurons=32; total time= 4.0min
[CV 4/5] END ..............epochs=10, filters=64, neurons=32; total time= 4.0min
[CV 5/5] END ..............epochs=10, filters=64, neurons=32; total time= 4.0min
[CV 1/5] END ..............epochs=10, filters=64, neurons=50; total time= 4.0min
[CV 2/5] END ..............epochs=10, filters=64, neurons=50; total time= 4.0min
[CV 3/5] END ..............epochs=10, filters=64, neurons=50; total time= 4.0min
[CV 4/5] END ..............epochs=10, filters=64, neurons=50; total time= 4.0min
[CV 5/5] END ..............epochs=10, filters=64, neurons=50; total time= 4.0min
[CV 1/5] END ..............epochs=10, filters=64, neurons=64; total time= 4.0min
[CV 2/5] END ..............epochs=10, filters=64, neurons=64; total time= 4.0min
[CV 3/5] END ..............epochs=10, filters=64, neurons=64; total time= 4.0min
[CV 4/5] END ..............epochs=10, filters=64, neurons=64; total time= 3.9min
[CV 5/5] END ..............epochs=10, filters=64, neurons=64; total time= 4.0min
[CV 1/5] END .............epochs=10, filters=64, neurons=100; total time= 4.0min
[CV 2/5] END .............epochs=10, filters=64, neurons=100; total time= 4.0min
[CV 3/5] END .............epochs=10, filters=64, neurons=100; total time= 4.0min
[CV 4/5] END .............epochs=10, filters=64, neurons=100; total time= 4.0min
[CV 5/5] END .............epochs=10, filters=64, neurons=100; total time= 4.0min
[CV 1/5] END .............epochs=10, filters=64, neurons=128; total time= 4.0min
[CV 2/5] END .............epochs=10, filters=64, neurons=128; total time= 4.0min
[CV 3/5] END .............epochs=10, filters=64, neurons=128; total time= 4.0min
[CV 4/5] END .............epochs=10, filters=64, neurons=128; total time= 4.0min
[CV 5/5] END .............epochs=10, filters=64, neurons=128; total time= 4.0min
[CV 1/5] END .............epochs=10, filters=100, neurons=10; total time= 4.0min
[CV 2/5] END .............epochs=10, filters=100, neurons=10; total time= 4.0min
[CV 3/5] END .............epochs=10, filters=100, neurons=10; total time= 4.0min
[CV 4/5] END .............epochs=10, filters=100, neurons=10; total time= 4.0min
[CV 5/5] END .............epochs=10, filters=100, neurons=10; total time= 4.0min
[CV 1/5] END .............epochs=10, filters=100, neurons=20; total time= 4.0min
[CV 2/5] END .............epochs=10, filters=100, neurons=20; total time= 4.0min
[CV 3/5] END .............epochs=10, filters=100, neurons=20; total time= 4.0min
[CV 4/5] END .............epochs=10, filters=100, neurons=20; total time= 4.0min
[CV 5/5] END .............epochs=10, filters=100, neurons=20; total time= 4.0min
[CV 1/5] END .............epochs=10, filters=100, neurons=32; total time= 4.0min
[CV 2/5] END .............epochs=10, filters=100, neurons=32; total time= 4.0min
[CV 3/5] END .............epochs=10, filters=100, neurons=32; total time= 4.0min
[CV 4/5] END .............epochs=10, filters=100, neurons=32; total time= 4.0min
[CV 5/5] END .............epochs=10, filters=100, neurons=32; total time= 4.0min
[CV 1/5] END .............epochs=10, filters=100, neurons=50; total time= 4.0min
[CV 2/5] END .............epochs=10, filters=100, neurons=50; total time= 4.0min
[CV 3/5] END .............epochs=10, filters=100, neurons=50; total time= 4.0min
[CV 4/5] END .............epochs=10, filters=100, neurons=50; total time= 4.0min
[CV 5/5] END .............epochs=10, filters=100, neurons=50; total time= 4.0min
[CV 1/5] END .............epochs=10, filters=100, neurons=64; total time= 4.0min
[CV 2/5] END .............epochs=10, filters=100, neurons=64; total time= 4.0min
[CV 3/5] END .............epochs=10, filters=100, neurons=64; total time= 4.0min
[CV 4/5] END .............epochs=10, filters=100, neurons=64; total time= 4.0min
[CV 5/5] END .............epochs=10, filters=100, neurons=64; total time= 4.0min
[CV 1/5] END ............epochs=10, filters=100, neurons=100; total time= 4.0min
[CV 2/5] END ............epochs=10, filters=100, neurons=100; total time= 4.0min
[CV 3/5] END ............epochs=10, filters=100, neurons=100; total time= 4.0min
[CV 4/5] END ............epochs=10, filters=100, neurons=100; total time= 4.0min
[CV 5/5] END ............epochs=10, filters=100, neurons=100; total time= 4.0min
[CV 1/5] END ............epochs=10, filters=100, neurons=128; total time= 4.0min
[CV 2/5] END ............epochs=10, filters=100, neurons=128; total time= 4.0min
[CV 3/5] END ............epochs=10, filters=100, neurons=128; total time= 4.0min
[CV 4/5] END ............epochs=10, filters=100, neurons=128; total time= 4.0min
[CV 5/5] END ............epochs=10, filters=100, neurons=128; total time= 4.0min
[CV 1/5] END .............epochs=10, filters=128, neurons=10; total time= 4.0min
[CV 2/5] END .............epochs=10, filters=128, neurons=10; total time= 4.0min
[CV 3/5] END .............epochs=10, filters=128, neurons=10; total time= 4.0min
[CV 4/5] END .............epochs=10, filters=128, neurons=10; total time= 4.0min
[CV 5/5] END .............epochs=10, filters=128, neurons=10; total time= 4.0min
[CV 1/5] END .............epochs=10, filters=128, neurons=20; total time= 4.0min
[CV 2/5] END .............epochs=10, filters=128, neurons=20; total time= 4.0min
[CV 3/5] END .............epochs=10, filters=128, neurons=20; total time= 4.0min
[CV 4/5] END .............epochs=10, filters=128, neurons=20; total time= 4.0min
[CV 5/5] END .............epochs=10, filters=128, neurons=20; total time= 4.0min
[CV 1/5] END .............epochs=10, filters=128, neurons=32; total time= 4.0min
[CV 2/5] END .............epochs=10, filters=128, neurons=32; total time= 4.0min
[CV 3/5] END .............epochs=10, filters=128, neurons=32; total time= 4.0min
[CV 4/5] END .............epochs=10, filters=128, neurons=32; total time= 4.0min
[CV 5/5] END .............epochs=10, filters=128, neurons=32; total time= 4.0min
[CV 1/5] END .............epochs=10, filters=128, neurons=50; total time= 4.0min
[CV 2/5] END .............epochs=10, filters=128, neurons=50; total time= 4.0min
[CV 3/5] END .............epochs=10, filters=128, neurons=50; total time= 4.0min
[CV 4/5] END .............epochs=10, filters=128, neurons=50; total time= 4.0min
[CV 5/5] END .............epochs=10, filters=128, neurons=50; total time= 4.0min
[CV 1/5] END .............epochs=10, filters=128, neurons=64; total time= 4.0min
[CV 2/5] END .............epochs=10, filters=128, neurons=64; total time= 4.0min
[CV 3/5] END .............epochs=10, filters=128, neurons=64; total time= 4.0min
[CV 4/5] END .............epochs=10, filters=128, neurons=64; total time= 4.0min
[CV 5/5] END .............epochs=10, filters=128, neurons=64; total time= 4.0min
[CV 1/5] END ............epochs=10, filters=128, neurons=100; total time= 4.0min
[CV 2/5] END ............epochs=10, filters=128, neurons=100; total time= 4.0min
[CV 3/5] END ............epochs=10, filters=128, neurons=100; total time= 4.0min
[CV 4/5] END ............epochs=10, filters=128, neurons=100; total time= 4.0min
[CV 5/5] END ............epochs=10, filters=128, neurons=100; total time= 4.0min
[CV 1/5] END ............epochs=10, filters=128, neurons=128; total time= 4.0min
[CV 2/5] END ............epochs=10, filters=128, neurons=128; total time= 4.0min
[CV 3/5] END ............epochs=10, filters=128, neurons=128; total time= 4.0min
[CV 4/5] END ............epochs=10, filters=128, neurons=128; total time= 4.0min
[CV 5/5] END ............epochs=10, filters=128, neurons=128; total time= 4.0min
[CV 1/5] END ..............epochs=20, filters=10, neurons=10; total time= 7.9min
[CV 2/5] END ..............epochs=20, filters=10, neurons=10; total time= 7.9min
[CV 3/5] END ..............epochs=20, filters=10, neurons=10; total time= 7.9min
[CV 4/5] END ..............epochs=20, filters=10, neurons=10; total time= 7.9min
[CV 5/5] END ..............epochs=20, filters=10, neurons=10; total time= 7.9min
[CV 1/5] END ..............epochs=20, filters=10, neurons=20; total time= 7.9min
[CV 2/5] END ..............epochs=20, filters=10, neurons=20; total time= 7.9min
[CV 3/5] END ..............epochs=20, filters=10, neurons=20; total time= 7.9min
[CV 4/5] END ..............epochs=20, filters=10, neurons=20; total time= 7.9min
[CV 5/5] END ..............epochs=20, filters=10, neurons=20; total time= 7.9min
[CV 1/5] END ..............epochs=20, filters=10, neurons=32; total time= 7.9min
[CV 2/5] END ..............epochs=20, filters=10, neurons=32; total time= 7.9min
[CV 3/5] END ..............epochs=20, filters=10, neurons=32; total time= 7.9min
[CV 4/5] END ..............epochs=20, filters=10, neurons=32; total time= 7.9min
[CV 5/5] END ..............epochs=20, filters=10, neurons=32; total time= 7.9min
[CV 1/5] END ..............epochs=20, filters=10, neurons=50; total time= 7.9min
[CV 2/5] END ..............epochs=20, filters=10, neurons=50; total time= 7.9min
[CV 3/5] END ..............epochs=20, filters=10, neurons=50; total time= 7.9min
[CV 4/5] END ..............epochs=20, filters=10, neurons=50; total time= 7.9min
[CV 5/5] END ..............epochs=20, filters=10, neurons=50; total time= 7.9min
[CV 1/5] END ..............epochs=20, filters=10, neurons=64; total time= 7.9min
[CV 2/5] END ..............epochs=20, filters=10, neurons=64; total time= 7.9min
[CV 3/5] END ..............epochs=20, filters=10, neurons=64; total time= 7.9min
[CV 4/5] END ..............epochs=20, filters=10, neurons=64; total time= 7.9min
[CV 5/5] END ..............epochs=20, filters=10, neurons=64; total time= 7.9min
[CV 1/5] END .............epochs=20, filters=10, neurons=100; total time= 7.9min
[CV 2/5] END .............epochs=20, filters=10, neurons=100; total time= 7.9min
[CV 3/5] END .............epochs=20, filters=10, neurons=100; total time= 7.9min
[CV 4/5] END .............epochs=20, filters=10, neurons=100; total time= 7.9min
[CV 5/5] END .............epochs=20, filters=10, neurons=100; total time= 7.9min
[CV 1/5] END .............epochs=20, filters=10, neurons=128; total time= 7.9min
[CV 2/5] END .............epochs=20, filters=10, neurons=128; total time= 7.9min
[CV 3/5] END .............epochs=20, filters=10, neurons=128; total time= 7.9min
[CV 4/5] END .............epochs=20, filters=10, neurons=128; total time= 7.9min
[CV 5/5] END .............epochs=20, filters=10, neurons=128; total time= 7.9min
[CV 1/5] END ..............epochs=20, filters=20, neurons=10; total time= 7.9min
[CV 2/5] END ..............epochs=20, filters=20, neurons=10; total time= 7.9min
[CV 3/5] END ..............epochs=20, filters=20, neurons=10; total time= 7.9min
[CV 4/5] END ..............epochs=20, filters=20, neurons=10; total time= 7.9min
[CV 5/5] END ..............epochs=20, filters=20, neurons=10; total time= 7.9min
[CV 1/5] END ..............epochs=20, filters=20, neurons=20; total time= 7.9min
[CV 2/5] END ..............epochs=20, filters=20, neurons=20; total time= 7.9min
[CV 3/5] END ..............epochs=20, filters=20, neurons=20; total time= 7.9min
[CV 4/5] END ..............epochs=20, filters=20, neurons=20; total time= 7.9min
[CV 5/5] END ..............epochs=20, filters=20, neurons=20; total time= 7.9min
[CV 1/5] END ..............epochs=20, filters=20, neurons=32; total time= 7.9min
[CV 2/5] END ..............epochs=20, filters=20, neurons=32; total time= 7.9min
[CV 3/5] END ..............epochs=20, filters=20, neurons=32; total time= 7.9min
[CV 4/5] END ..............epochs=20, filters=20, neurons=32; total time= 7.9min
[CV 5/5] END ..............epochs=20, filters=20, neurons=32; total time= 7.9min
[CV 1/5] END ..............epochs=20, filters=20, neurons=50; total time= 7.9min
[CV 2/5] END ..............epochs=20, filters=20, neurons=50; total time= 7.9min
[CV 3/5] END ..............epochs=20, filters=20, neurons=50; total time= 7.9min
[CV 4/5] END ..............epochs=20, filters=20, neurons=50; total time= 7.9min
[CV 5/5] END ..............epochs=20, filters=20, neurons=50; total time= 7.9min
[CV 1/5] END ..............epochs=20, filters=20, neurons=64; total time= 7.9min
[CV 2/5] END ..............epochs=20, filters=20, neurons=64; total time= 7.9min
[CV 3/5] END ..............epochs=20, filters=20, neurons=64; total time= 7.9min
[CV 4/5] END ..............epochs=20, filters=20, neurons=64; total time= 7.9min
[CV 5/5] END ..............epochs=20, filters=20, neurons=64; total time= 7.9min
[CV 1/5] END .............epochs=20, filters=20, neurons=100; total time= 7.9min
[CV 2/5] END .............epochs=20, filters=20, neurons=100; total time= 7.9min
[CV 3/5] END .............epochs=20, filters=20, neurons=100; total time= 7.9min
[CV 4/5] END .............epochs=20, filters=20, neurons=100; total time= 7.9min
[CV 5/5] END .............epochs=20, filters=20, neurons=100; total time= 7.9min
[CV 1/5] END .............epochs=20, filters=20, neurons=128; total time= 7.9min
[CV 2/5] END .............epochs=20, filters=20, neurons=128; total time= 7.9min
[CV 3/5] END .............epochs=20, filters=20, neurons=128; total time= 7.9min
[CV 4/5] END .............epochs=20, filters=20, neurons=128; total time= 7.9min
[CV 5/5] END .............epochs=20, filters=20, neurons=128; total time= 7.9min
[CV 1/5] END ..............epochs=20, filters=32, neurons=10; total time= 7.9min
[CV 2/5] END ..............epochs=20, filters=32, neurons=10; total time= 7.9min
[CV 3/5] END ..............epochs=20, filters=32, neurons=10; total time= 7.9min
[CV 4/5] END ..............epochs=20, filters=32, neurons=10; total time= 7.9min
[CV 5/5] END ..............epochs=20, filters=32, neurons=10; total time= 7.9min
[CV 1/5] END ..............epochs=20, filters=32, neurons=20; total time= 7.9min
[CV 2/5] END ..............epochs=20, filters=32, neurons=20; total time= 7.9min
[CV 3/5] END ..............epochs=20, filters=32, neurons=20; total time= 7.9min
[CV 4/5] END ..............epochs=20, filters=32, neurons=20; total time= 7.9min
[CV 5/5] END ..............epochs=20, filters=32, neurons=20; total time= 7.9min
[CV 1/5] END ..............epochs=20, filters=32, neurons=32; total time= 7.9min
[CV 2/5] END ..............epochs=20, filters=32, neurons=32; total time= 7.9min
[CV 3/5] END ..............epochs=20, filters=32, neurons=32; total time= 7.9min
[CV 4/5] END ..............epochs=20, filters=32, neurons=32; total time= 7.9min
[CV 5/5] END ..............epochs=20, filters=32, neurons=32; total time= 7.9min
[CV 1/5] END ..............epochs=20, filters=32, neurons=50; total time= 7.9min
[CV 2/5] END ..............epochs=20, filters=32, neurons=50; total time= 7.9min
[CV 3/5] END ..............epochs=20, filters=32, neurons=50; total time= 7.9min
[CV 4/5] END ..............epochs=20, filters=32, neurons=50; total time= 7.9min
[CV 5/5] END ..............epochs=20, filters=32, neurons=50; total time= 7.9min
[CV 1/5] END ..............epochs=20, filters=32, neurons=64; total time= 7.9min
[CV 2/5] END ..............epochs=20, filters=32, neurons=64; total time= 7.9min
[CV 3/5] END ..............epochs=20, filters=32, neurons=64; total time= 7.9min
[CV 4/5] END ..............epochs=20, filters=32, neurons=64; total time= 7.9min
[CV 5/5] END ..............epochs=20, filters=32, neurons=64; total time= 7.9min
[CV 1/5] END .............epochs=20, filters=32, neurons=100; total time= 7.9min
[CV 2/5] END .............epochs=20, filters=32, neurons=100; total time= 7.9min
[CV 3/5] END .............epochs=20, filters=32, neurons=100; total time= 7.9min
[CV 4/5] END .............epochs=20, filters=32, neurons=100; total time= 7.9min
[CV 5/5] END .............epochs=20, filters=32, neurons=100; total time= 7.9min
[CV 1/5] END .............epochs=20, filters=32, neurons=128; total time= 7.9min
[CV 2/5] END .............epochs=20, filters=32, neurons=128; total time= 7.9min
[CV 3/5] END .............epochs=20, filters=32, neurons=128; total time= 7.9min
[CV 4/5] END .............epochs=20, filters=32, neurons=128; total time= 7.9min
[CV 5/5] END .............epochs=20, filters=32, neurons=128; total time= 7.9min
[CV 1/5] END ..............epochs=20, filters=50, neurons=10; total time= 7.9min
[CV 2/5] END ..............epochs=20, filters=50, neurons=10; total time= 7.9min
[CV 3/5] END ..............epochs=20, filters=50, neurons=10; total time= 7.9min
[CV 4/5] END ..............epochs=20, filters=50, neurons=10; total time= 7.9min
[CV 5/5] END ..............epochs=20, filters=50, neurons=10; total time= 7.9min
[CV 1/5] END ..............epochs=20, filters=50, neurons=20; total time= 7.9min
[CV 2/5] END ..............epochs=20, filters=50, neurons=20; total time= 7.9min
[CV 3/5] END ..............epochs=20, filters=50, neurons=20; total time= 7.9min
[CV 4/5] END ..............epochs=20, filters=50, neurons=20; total time= 7.9min
[CV 5/5] END ..............epochs=20, filters=50, neurons=20; total time= 7.9min
[CV 1/5] END ..............epochs=20, filters=50, neurons=32; total time= 7.9min
[CV 2/5] END ..............epochs=20, filters=50, neurons=32; total time= 7.9min
[CV 3/5] END ..............epochs=20, filters=50, neurons=32; total time= 7.9min
[CV 4/5] END ..............epochs=20, filters=50, neurons=32; total time= 7.9min
[CV 5/5] END ..............epochs=20, filters=50, neurons=32; total time= 7.9min
[CV 1/5] END ..............epochs=20, filters=50, neurons=50; total time= 7.9min
[CV 2/5] END ..............epochs=20, filters=50, neurons=50; total time= 7.9min
[CV 3/5] END ..............epochs=20, filters=50, neurons=50; total time= 7.9min
[CV 4/5] END ..............epochs=20, filters=50, neurons=50; total time= 7.9min
[CV 5/5] END ..............epochs=20, filters=50, neurons=50; total time= 7.9min
[CV 1/5] END ..............epochs=20, filters=50, neurons=64; total time= 7.9min
[CV 2/5] END ..............epochs=20, filters=50, neurons=64; total time= 7.9min
[CV 3/5] END ..............epochs=20, filters=50, neurons=64; total time= 7.9min
[CV 4/5] END ..............epochs=20, filters=50, neurons=64; total time= 7.9min
[CV 5/5] END ..............epochs=20, filters=50, neurons=64; total time= 7.9min
[CV 1/5] END .............epochs=20, filters=50, neurons=100; total time= 7.9min
[CV 2/5] END .............epochs=20, filters=50, neurons=100; total time= 7.9min
[CV 3/5] END .............epochs=20, filters=50, neurons=100; total time= 7.9min
[CV 4/5] END .............epochs=20, filters=50, neurons=100; total time= 7.9min
[CV 5/5] END .............epochs=20, filters=50, neurons=100; total time= 7.9min
[CV 1/5] END .............epochs=20, filters=50, neurons=128; total time= 7.9min
[CV 2/5] END .............epochs=20, filters=50, neurons=128; total time= 7.9min
[CV 3/5] END .............epochs=20, filters=50, neurons=128; total time= 7.9min
[CV 4/5] END .............epochs=20, filters=50, neurons=128; total time= 7.9min
[CV 5/5] END .............epochs=20, filters=50, neurons=128; total time= 7.8min
[CV 1/5] END ..............epochs=20, filters=64, neurons=10; total time= 7.9min
[CV 2/5] END ..............epochs=20, filters=64, neurons=10; total time= 7.9min
[CV 3/5] END ..............epochs=20, filters=64, neurons=10; total time= 7.9min
[CV 4/5] END ..............epochs=20, filters=64, neurons=10; total time= 7.9min
[CV 5/5] END ..............epochs=20, filters=64, neurons=10; total time= 7.9min
[CV 1/5] END ..............epochs=20, filters=64, neurons=20; total time= 7.9min
[CV 2/5] END ..............epochs=20, filters=64, neurons=20; total time= 7.9min
[CV 3/5] END ..............epochs=20, filters=64, neurons=20; total time= 7.9min
[CV 4/5] END ..............epochs=20, filters=64, neurons=20; total time= 7.9min
[CV 5/5] END ..............epochs=20, filters=64, neurons=20; total time= 7.9min
[CV 1/5] END ..............epochs=20, filters=64, neurons=32; total time= 7.9min
[CV 2/5] END ..............epochs=20, filters=64, neurons=32; total time= 7.9min
[CV 3/5] END ..............epochs=20, filters=64, neurons=32; total time= 7.9min
[CV 4/5] END ..............epochs=20, filters=64, neurons=32; total time= 7.9min
[CV 5/5] END ..............epochs=20, filters=64, neurons=32; total time= 7.9min
[CV 1/5] END ..............epochs=20, filters=64, neurons=50; total time= 7.9min
[CV 2/5] END ..............epochs=20, filters=64, neurons=50; total time= 7.9min
[CV 3/5] END ..............epochs=20, filters=64, neurons=50; total time= 7.9min
[CV 4/5] END ..............epochs=20, filters=64, neurons=50; total time= 7.9min
[CV 5/5] END ..............epochs=20, filters=64, neurons=50; total time= 7.9min
[CV 1/5] END ..............epochs=20, filters=64, neurons=64; total time= 7.9min
[CV 2/5] END ..............epochs=20, filters=64, neurons=64; total time= 7.9min
[CV 3/5] END ..............epochs=20, filters=64, neurons=64; total time= 7.9min
[CV 4/5] END ..............epochs=20, filters=64, neurons=64; total time= 7.9min
[CV 5/5] END ..............epochs=20, filters=64, neurons=64; total time= 7.9min
[CV 1/5] END .............epochs=20, filters=64, neurons=100; total time= 7.9min
[CV 2/5] END .............epochs=20, filters=64, neurons=100; total time= 7.9min
[CV 3/5] END .............epochs=20, filters=64, neurons=100; total time= 7.9min
[CV 4/5] END .............epochs=20, filters=64, neurons=100; total time= 7.9min
[CV 5/5] END .............epochs=20, filters=64, neurons=100; total time= 7.9min
[CV 1/5] END .............epochs=20, filters=64, neurons=128; total time= 7.9min
[CV 2/5] END .............epochs=20, filters=64, neurons=128; total time= 7.9min
[CV 3/5] END .............epochs=20, filters=64, neurons=128; total time= 7.8min
[CV 4/5] END .............epochs=20, filters=64, neurons=128; total time= 7.9min
[CV 5/5] END .............epochs=20, filters=64, neurons=128; total time= 7.9min
[CV 1/5] END .............epochs=20, filters=100, neurons=10; total time= 7.9min
[CV 2/5] END .............epochs=20, filters=100, neurons=10; total time= 7.9min
[CV 3/5] END .............epochs=20, filters=100, neurons=10; total time= 7.9min
[CV 4/5] END .............epochs=20, filters=100, neurons=10; total time= 7.9min
[CV 5/5] END .............epochs=20, filters=100, neurons=10; total time= 7.9min
[CV 1/5] END .............epochs=20, filters=100, neurons=20; total time= 7.9min
[CV 2/5] END .............epochs=20, filters=100, neurons=20; total time= 7.9min
[CV 3/5] END .............epochs=20, filters=100, neurons=20; total time= 7.9min
[CV 4/5] END .............epochs=20, filters=100, neurons=20; total time= 7.9min
[CV 5/5] END .............epochs=20, filters=100, neurons=20; total time= 7.9min
[CV 1/5] END .............epochs=20, filters=100, neurons=32; total time= 7.9min
[CV 2/5] END .............epochs=20, filters=100, neurons=32; total time= 7.9min
[CV 3/5] END .............epochs=20, filters=100, neurons=32; total time= 7.9min
[CV 4/5] END .............epochs=20, filters=100, neurons=32; total time= 7.9min
[CV 5/5] END .............epochs=20, filters=100, neurons=32; total time= 7.9min
[CV 1/5] END .............epochs=20, filters=100, neurons=50; total time= 7.9min
[CV 2/5] END .............epochs=20, filters=100, neurons=50; total time= 7.9min
[CV 3/5] END .............epochs=20, filters=100, neurons=50; total time= 7.9min
[CV 4/5] END .............epochs=20, filters=100, neurons=50; total time= 7.9min
[CV 5/5] END .............epochs=20, filters=100, neurons=50; total time= 7.9min
[CV 1/5] END .............epochs=20, filters=100, neurons=64; total time= 7.9min
[CV 2/5] END .............epochs=20, filters=100, neurons=64; total time= 7.9min
[CV 3/5] END .............epochs=20, filters=100, neurons=64; total time= 7.9min
[CV 4/5] END .............epochs=20, filters=100, neurons=64; total time= 7.9min
[CV 5/5] END .............epochs=20, filters=100, neurons=64; total time= 7.9min
[CV 1/5] END ............epochs=20, filters=100, neurons=100; total time= 7.9min
[CV 2/5] END ............epochs=20, filters=100, neurons=100; total time= 7.9min
[CV 3/5] END ............epochs=20, filters=100, neurons=100; total time= 7.9min
[CV 4/5] END ............epochs=20, filters=100, neurons=100; total time= 7.9min
[CV 5/5] END ............epochs=20, filters=100, neurons=100; total time= 7.9min
[CV 1/5] END ............epochs=20, filters=100, neurons=128; total time= 7.9min
[CV 2/5] END ............epochs=20, filters=100, neurons=128; total time= 7.9min
[CV 3/5] END ............epochs=20, filters=100, neurons=128; total time= 7.9min
[CV 4/5] END ............epochs=20, filters=100, neurons=128; total time= 7.9min
[CV 5/5] END ............epochs=20, filters=100, neurons=128; total time= 7.9min
[CV 1/5] END .............epochs=20, filters=128, neurons=10; total time= 7.9min
[CV 2/5] END .............epochs=20, filters=128, neurons=10; total time= 7.9min
[CV 3/5] END .............epochs=20, filters=128, neurons=10; total time= 7.9min
[CV 4/5] END .............epochs=20, filters=128, neurons=10; total time= 7.9min
[CV 5/5] END .............epochs=20, filters=128, neurons=10; total time= 7.9min
[CV 1/5] END .............epochs=20, filters=128, neurons=20; total time= 7.9min
[CV 2/5] END .............epochs=20, filters=128, neurons=20; total time= 7.9min
[CV 3/5] END .............epochs=20, filters=128, neurons=20; total time= 7.9min
[CV 4/5] END .............epochs=20, filters=128, neurons=20; total time= 7.9min
[CV 5/5] END .............epochs=20, filters=128, neurons=20; total time= 7.9min
[CV 1/5] END .............epochs=20, filters=128, neurons=32; total time= 7.9min
[CV 2/5] END .............epochs=20, filters=128, neurons=32; total time= 7.9min
[CV 3/5] END .............epochs=20, filters=128, neurons=32; total time= 7.9min
[CV 4/5] END .............epochs=20, filters=128, neurons=32; total time= 7.9min
[CV 5/5] END .............epochs=20, filters=128, neurons=32; total time= 7.9min
[CV 1/5] END .............epochs=20, filters=128, neurons=50; total time= 7.9min
[CV 2/5] END .............epochs=20, filters=128, neurons=50; total time= 7.9min
[CV 3/5] END .............epochs=20, filters=128, neurons=50; total time= 7.9min
[CV 4/5] END .............epochs=20, filters=128, neurons=50; total time= 7.9min
[CV 5/5] END .............epochs=20, filters=128, neurons=50; total time= 7.9min
[CV 1/5] END .............epochs=20, filters=128, neurons=64; total time= 7.9min
[CV 2/5] END .............epochs=20, filters=128, neurons=64; total time= 7.9min
[CV 3/5] END .............epochs=20, filters=128, neurons=64; total time= 7.9min
[CV 4/5] END .............epochs=20, filters=128, neurons=64; total time= 7.9min
[CV 5/5] END .............epochs=20, filters=128, neurons=64; total time= 7.9min
[CV 1/5] END ............epochs=20, filters=128, neurons=100; total time= 7.9min
[CV 2/5] END ............epochs=20, filters=128, neurons=100; total time= 7.9min
[CV 3/5] END ............epochs=20, filters=128, neurons=100; total time= 7.9min
[CV 4/5] END ............epochs=20, filters=128, neurons=100; total time= 7.9min
[CV 5/5] END ............epochs=20, filters=128, neurons=100; total time= 7.9min
[CV 1/5] END ............epochs=20, filters=128, neurons=128; total time= 7.9min
[CV 2/5] END ............epochs=20, filters=128, neurons=128; total time= 7.9min
[CV 3/5] END ............epochs=20, filters=128, neurons=128; total time= 7.9min
[CV 4/5] END ............epochs=20, filters=128, neurons=128; total time= 7.9min
[CV 5/5] END ............epochs=20, filters=128, neurons=128; total time= 7.9min
grid search running time : 2 days, 0:30:10.052777
Best: 0.756149 using {'epochs': 10, 'filters': 128, 'neurons': 128}

== Epilog Slurmctld ==================================================

Job ID: 7166939
Cluster: curta
User/Group: miniej94/agseelow
State: COMPLETED (exit code 0)
Cores: 1
CPU Utilized: 2-00:29:23
CPU Efficiency: 99.90% of 2-00:32:26 core-walltime
Job Wall-clock time: 2-00:32:26
Memory Utilized: 3.76 GB
Memory Efficiency: 11.76% of 32.00 GB

======================================================================
